2021-06-05 22:29:26,572 INFO [main] o.h.Version [Version.java:44] HHH000412: Hibernate ORM core version 5.5.0.Final
2021-06-05 22:29:27,565 INFO [main] o.h.a.c.Version [JavaReflectionManager.java:56] HCANN000001: Hibernate Commons Annotations {5.1.2.Final}
2021-06-05 22:29:28,222 WARN [main] o.h.o.c.pooling [DriverManagerConnectionProviderImpl.java:72] HHH10001002: Using Hibernate built-in connection pool (not for production use!)
2021-06-05 22:29:28,255 INFO [main] o.h.o.c.pooling [DriverManagerConnectionProviderImpl.java:115] HHH10001005: using driver [org.postgresql.Driver] at URL [jdbc:postgresql://localhost:5432/programingDB]
2021-06-05 22:29:28,255 INFO [main] o.h.o.c.pooling [DriverManagerConnectionProviderImpl.java:124] HHH10001001: Connection properties: {password=****, user=lucy}
2021-06-05 22:29:28,255 INFO [main] o.h.o.c.pooling [DriverManagerConnectionProviderImpl.java:129] HHH10001003: Autocommit mode: false
2021-06-05 22:29:28,270 INFO [main] o.h.e.j.c.i.DriverManagerConnectionProviderImpl [DriverManagerConnectionProviderImpl.java:274] HHH000115: Hibernate connection pool size: 20 (min=1)
2021-06-05 22:29:28,836 INFO [main] o.h.d.Dialect [Dialect.java:175] HHH000400: Using dialect: org.hibernate.dialect.PostgreSQL10Dialect
2021-06-05 22:29:30,336 INFO [main] o.h.o.c.access [DdlTransactionIsolatorNonJtaImpl.java:48] HHH10001501: Connection obtained from JdbcConnectionAccess [org.hibernate.engine.jdbc.env.internal.JdbcEnvironmentInitiator$ConnectionProviderJdbcConnectionAccess@67cffead] for (non-JTA) DDL execution was not in auto-commit mode; the Connection 'local transaction' will be committed and the Connection will be set into auto-commit mode.
2021-06-05 22:29:30,429 INFO [main] o.h.o.c.access [DdlTransactionIsolatorNonJtaImpl.java:48] HHH10001501: Connection obtained from JdbcConnectionAccess [org.hibernate.engine.jdbc.env.internal.JdbcEnvironmentInitiator$ConnectionProviderJdbcConnectionAccess@6cbe68e9] for (non-JTA) DDL execution was not in auto-commit mode; the Connection 'local transaction' will be committed and the Connection will be set into auto-commit mode.
2021-06-05 22:29:30,617 INFO [main] o.h.t.s.i.SchemaCreatorImpl [AbstractScriptSourceInput.java:33] HHH000476: Executing import script 'file:/D:/NIX-4%20(copy%20for%20develop)/unit_13_jpa_hibernate/university-data-access/target/classes/import.sql'
2021-06-05 22:29:30,695 INFO [main] o.h.e.t.j.p.i.JtaPlatformInitiator [JtaPlatformInitiator.java:52] HHH000490: Using JtaPlatform implementation: [org.hibernate.engine.transaction.jta.platform.internal.NoJtaPlatform]
2021-06-05 22:29:30,853 INFO [main] c.a.h.Run [Run.java:23] Creating database and start linking teachers and groups
2021-06-05 22:29:31,154 INFO [main] c.a.h.Run [Run.java:26] Create links between teachers and groups
2021-06-05 22:29:31,154 INFO [main] c.a.h.Run [Run.java:32] Start finding the nearest lesson group for student with id: 2
2021-06-05 22:29:31,248 INFO [main] c.a.h.Run [Run.java:35] The nearest lesson group for student with id: 2 is
NearLesson{id=2,
teacher=Misha Misha,
topic=OOP,
date=2021-06-15,
time=17:00,
group=nix-4,
course=java}
2021-06-05 22:29:31,248 INFO [main] c.a.h.Run [Run.java:41] Start finding the best group of teacher with id: 2
2021-06-05 22:29:31,263 INFO [main] c.a.h.Run [Run.java:44] The best group of teacher with id: 2 is nix-4
2021-06-05 22:29:31,263 INFO [main] o.h.o.c.pooling [DriverManagerConnectionProviderImpl.java:502] HHH10001008: Cleaning up connection pool [jdbc:postgresql://localhost:5432/programingDB]
2021-06-05 22:34:21,286 INFO [main] o.h.Version [Version.java:44] HHH000412: Hibernate ORM core version 5.5.0.Final
2021-06-05 22:34:22,431 INFO [main] o.h.a.c.Version [JavaReflectionManager.java:56] HCANN000001: Hibernate Commons Annotations {5.1.2.Final}
2021-06-05 22:34:23,247 WARN [main] o.h.o.c.pooling [DriverManagerConnectionProviderImpl.java:72] HHH10001002: Using Hibernate built-in connection pool (not for production use!)
2021-06-05 22:34:23,263 INFO [main] o.h.o.c.pooling [DriverManagerConnectionProviderImpl.java:115] HHH10001005: using driver [org.postgresql.Driver] at URL [jdbc:postgresql://localhost:5432/programingDB]
2021-06-05 22:34:23,263 INFO [main] o.h.o.c.pooling [DriverManagerConnectionProviderImpl.java:124] HHH10001001: Connection properties: {password=****, user=lucy}
2021-06-05 22:34:23,263 INFO [main] o.h.o.c.pooling [DriverManagerConnectionProviderImpl.java:129] HHH10001003: Autocommit mode: false
2021-06-05 22:34:23,279 INFO [main] o.h.e.j.c.i.DriverManagerConnectionProviderImpl [DriverManagerConnectionProviderImpl.java:274] HHH000115: Hibernate connection pool size: 20 (min=1)
2021-06-05 22:34:23,719 INFO [main] o.h.d.Dialect [Dialect.java:175] HHH000400: Using dialect: org.hibernate.dialect.PostgreSQL10Dialect
2021-06-05 22:34:25,409 INFO [main] o.h.o.c.access [DdlTransactionIsolatorNonJtaImpl.java:48] HHH10001501: Connection obtained from JdbcConnectionAccess [org.hibernate.engine.jdbc.env.internal.JdbcEnvironmentInitiator$ConnectionProviderJdbcConnectionAccess@39de9bda] for (non-JTA) DDL execution was not in auto-commit mode; the Connection 'local transaction' will be committed and the Connection will be set into auto-commit mode.
2021-06-05 22:34:25,496 INFO [main] o.h.o.c.access [DdlTransactionIsolatorNonJtaImpl.java:48] HHH10001501: Connection obtained from JdbcConnectionAccess [org.hibernate.engine.jdbc.env.internal.JdbcEnvironmentInitiator$ConnectionProviderJdbcConnectionAccess@56846330] for (non-JTA) DDL execution was not in auto-commit mode; the Connection 'local transaction' will be committed and the Connection will be set into auto-commit mode.
2021-06-05 22:34:25,684 INFO [main] o.h.t.s.i.SchemaCreatorImpl [AbstractScriptSourceInput.java:33] HHH000476: Executing import script 'file:/D:/NIX-4%20(copy%20for%20develop)/unit_13_jpa_hibernate/university-data-access/target/classes/import.sql'
2021-06-05 22:34:25,762 INFO [main] o.h.e.t.j.p.i.JtaPlatformInitiator [JtaPlatformInitiator.java:52] HHH000490: Using JtaPlatform implementation: [org.hibernate.engine.transaction.jta.platform.internal.NoJtaPlatform]
2021-06-05 22:34:25,873 INFO [main] c.a.h.Run [Run.java:23] Creating database and start linking teachers and groups
2021-06-05 22:34:26,186 INFO [main] c.a.h.Run [Run.java:26] Create links between teachers and groups
2021-06-05 22:34:26,186 INFO [main] c.a.h.Run [Run.java:32] Start finding the nearest lesson group for student with id: 2
2021-06-05 22:34:26,265 INFO [main] c.a.h.Run [Run.java:35] The nearest lesson group for student with id: 2 is
NearLesson{id=2,
teacher=Misha Misha,
topic=OOP,
date=2021-06-15,
time=17:00Z,
group=nix-4,
course=java}
2021-06-05 22:34:26,265 INFO [main] c.a.h.Run [Run.java:41] Start finding the best group of teacher with id: 2
2021-06-05 22:34:26,280 INFO [main] c.a.h.Run [Run.java:44] The best group of teacher with id: 2 is nix-4
2021-06-05 22:34:26,280 INFO [main] o.h.o.c.pooling [DriverManagerConnectionProviderImpl.java:502] HHH10001008: Cleaning up connection pool [jdbc:postgresql://localhost:5432/programingDB]
2021-06-05 22:38:56,768 INFO [main] o.h.Version [Version.java:44] HHH000412: Hibernate ORM core version 5.5.0.Final
2021-06-05 22:38:58,019 INFO [main] o.h.a.c.Version [JavaReflectionManager.java:56] HCANN000001: Hibernate Commons Annotations {5.1.2.Final}
2021-06-05 22:38:59,227 WARN [main] o.h.o.c.pooling [DriverManagerConnectionProviderImpl.java:72] HHH10001002: Using Hibernate built-in connection pool (not for production use!)
2021-06-05 22:38:59,379 INFO [main] o.h.o.c.pooling [DriverManagerConnectionProviderImpl.java:115] HHH10001005: using driver [org.postgresql.Driver] at URL [jdbc:postgresql://localhost:5432/programingDB]
2021-06-05 22:38:59,403 INFO [main] o.h.o.c.pooling [DriverManagerConnectionProviderImpl.java:124] HHH10001001: Connection properties: {password=****, user=lucy}
2021-06-05 22:38:59,403 INFO [main] o.h.o.c.pooling [DriverManagerConnectionProviderImpl.java:129] HHH10001003: Autocommit mode: false
2021-06-05 22:38:59,475 INFO [main] o.h.e.j.c.i.DriverManagerConnectionProviderImpl [DriverManagerConnectionProviderImpl.java:274] HHH000115: Hibernate connection pool size: 20 (min=1)
2021-06-05 22:39:00,084 INFO [main] o.h.d.Dialect [Dialect.java:175] HHH000400: Using dialect: org.hibernate.dialect.PostgreSQL10Dialect
2021-06-05 22:39:01,734 INFO [main] o.h.o.c.access [DdlTransactionIsolatorNonJtaImpl.java:48] HHH10001501: Connection obtained from JdbcConnectionAccess [org.hibernate.engine.jdbc.env.internal.JdbcEnvironmentInitiator$ConnectionProviderJdbcConnectionAccess@1ff15a50] for (non-JTA) DDL execution was not in auto-commit mode; the Connection 'local transaction' will be committed and the Connection will be set into auto-commit mode.
2021-06-05 22:39:01,844 INFO [main] o.h.o.c.access [DdlTransactionIsolatorNonJtaImpl.java:48] HHH10001501: Connection obtained from JdbcConnectionAccess [org.hibernate.engine.jdbc.env.internal.JdbcEnvironmentInitiator$ConnectionProviderJdbcConnectionAccess@750a04ec] for (non-JTA) DDL execution was not in auto-commit mode; the Connection 'local transaction' will be committed and the Connection will be set into auto-commit mode.
2021-06-05 22:39:02,063 INFO [main] o.h.t.s.i.SchemaCreatorImpl [AbstractScriptSourceInput.java:33] HHH000476: Executing import script 'file:/D:/NIX-4%20(copy%20for%20develop)/unit_13_jpa_hibernate/university-data-access/target/classes/import.sql'
2021-06-05 22:39:02,141 INFO [main] o.h.e.t.j.p.i.JtaPlatformInitiator [JtaPlatformInitiator.java:52] HHH000490: Using JtaPlatform implementation: [org.hibernate.engine.transaction.jta.platform.internal.NoJtaPlatform]
2021-06-05 22:39:02,281 INFO [main] c.a.h.Run [Run.java:23] Creating database and start linking teachers and groups
2021-06-05 22:39:02,672 INFO [main] c.a.h.Run [Run.java:26] Create links between teachers and groups
2021-06-05 22:39:02,672 INFO [main] c.a.h.Run [Run.java:32] Start finding the nearest lesson group for student with id: 2
2021-06-05 22:39:02,734 INFO [main] c.a.h.Run [Run.java:35] The nearest lesson group for student with id: 2 is
NearLesson{id=2,
teacher=Misha Misha,
topic=OOP,
date=2021-06-15,
time=15:00,
group=nix-4,
course=java}
2021-06-05 22:39:02,734 INFO [main] c.a.h.Run [Run.java:41] Start finding the best group of teacher with id: 2
2021-06-05 22:39:02,750 INFO [main] c.a.h.Run [Run.java:44] The best group of teacher with id: 2 is nix-4
2021-06-05 22:39:02,766 INFO [main] o.h.o.c.pooling [DriverManagerConnectionProviderImpl.java:502] HHH10001008: Cleaning up connection pool [jdbc:postgresql://localhost:5432/programingDB]
2021-06-05 22:39:51,919 INFO [main] o.h.Version [Version.java:44] HHH000412: Hibernate ORM core version 5.5.0.Final
2021-06-05 22:39:52,839 INFO [main] o.h.a.c.Version [JavaReflectionManager.java:56] HCANN000001: Hibernate Commons Annotations {5.1.2.Final}
2021-06-05 22:39:53,543 WARN [main] o.h.o.c.pooling [DriverManagerConnectionProviderImpl.java:72] HHH10001002: Using Hibernate built-in connection pool (not for production use!)
2021-06-05 22:39:53,559 INFO [main] o.h.o.c.pooling [DriverManagerConnectionProviderImpl.java:115] HHH10001005: using driver [org.postgresql.Driver] at URL [jdbc:postgresql://localhost:5432/programingDB]
2021-06-05 22:39:53,559 INFO [main] o.h.o.c.pooling [DriverManagerConnectionProviderImpl.java:124] HHH10001001: Connection properties: {password=****, user=lucy}
2021-06-05 22:39:53,559 INFO [main] o.h.o.c.pooling [DriverManagerConnectionProviderImpl.java:129] HHH10001003: Autocommit mode: false
2021-06-05 22:39:53,574 INFO [main] o.h.e.j.c.i.DriverManagerConnectionProviderImpl [DriverManagerConnectionProviderImpl.java:274] HHH000115: Hibernate connection pool size: 20 (min=1)
2021-06-05 22:39:54,015 INFO [main] o.h.d.Dialect [Dialect.java:175] HHH000400: Using dialect: org.hibernate.dialect.PostgreSQL10Dialect
2021-06-05 22:39:55,729 INFO [main] o.h.o.c.access [DdlTransactionIsolatorNonJtaImpl.java:48] HHH10001501: Connection obtained from JdbcConnectionAccess [org.hibernate.engine.jdbc.env.internal.JdbcEnvironmentInitiator$ConnectionProviderJdbcConnectionAccess@57efc6fd] for (non-JTA) DDL execution was not in auto-commit mode; the Connection 'local transaction' will be committed and the Connection will be set into auto-commit mode.
2021-06-05 22:39:55,836 INFO [main] o.h.o.c.access [DdlTransactionIsolatorNonJtaImpl.java:48] HHH10001501: Connection obtained from JdbcConnectionAccess [org.hibernate.engine.jdbc.env.internal.JdbcEnvironmentInitiator$ConnectionProviderJdbcConnectionAccess@7e7e962d] for (non-JTA) DDL execution was not in auto-commit mode; the Connection 'local transaction' will be committed and the Connection will be set into auto-commit mode.
2021-06-05 22:39:56,023 INFO [main] o.h.t.s.i.SchemaCreatorImpl [AbstractScriptSourceInput.java:33] HHH000476: Executing import script 'file:/D:/NIX-4%20(copy%20for%20develop)/unit_13_jpa_hibernate/university-data-access/target/classes/import.sql'
2021-06-05 22:39:56,086 INFO [main] o.h.e.t.j.p.i.JtaPlatformInitiator [JtaPlatformInitiator.java:52] HHH000490: Using JtaPlatform implementation: [org.hibernate.engine.transaction.jta.platform.internal.NoJtaPlatform]
2021-06-05 22:39:56,228 INFO [main] c.a.h.Run [Run.java:23] Creating database and start linking teachers and groups
2021-06-05 22:39:56,542 INFO [main] c.a.h.Run [Run.java:26] Create links between teachers and groups
2021-06-05 22:39:56,558 INFO [main] c.a.h.Run [Run.java:32] Start finding the nearest lesson group for student with id: 2
2021-06-05 22:39:56,636 INFO [main] c.a.h.Run [Run.java:35] The nearest lesson group for student with id: 2 is
NearLesson{id=2,
teacher=Misha Misha,
topic=OOP,
date=2021-06-15,
time=14:00,
group=nix-4,
course=java}
2021-06-05 22:39:56,636 INFO [main] c.a.h.Run [Run.java:41] Start finding the best group of teacher with id: 2
2021-06-05 22:39:56,653 INFO [main] c.a.h.Run [Run.java:44] The best group of teacher with id: 2 is nix-4
2021-06-05 22:39:56,653 INFO [main] o.h.o.c.pooling [DriverManagerConnectionProviderImpl.java:502] HHH10001008: Cleaning up connection pool [jdbc:postgresql://localhost:5432/programingDB]
2021-06-05 22:42:37,947 INFO [main] o.h.Version [Version.java:44] HHH000412: Hibernate ORM core version 5.5.0.Final
2021-06-05 22:42:38,966 INFO [main] o.h.a.c.Version [JavaReflectionManager.java:56] HCANN000001: Hibernate Commons Annotations {5.1.2.Final}
2021-06-05 22:42:39,638 WARN [main] o.h.o.c.pooling [DriverManagerConnectionProviderImpl.java:72] HHH10001002: Using Hibernate built-in connection pool (not for production use!)
2021-06-05 22:42:39,669 INFO [main] o.h.o.c.pooling [DriverManagerConnectionProviderImpl.java:115] HHH10001005: using driver [org.postgresql.Driver] at URL [jdbc:postgresql://localhost:5432/programingDB]
2021-06-05 22:42:39,669 INFO [main] o.h.o.c.pooling [DriverManagerConnectionProviderImpl.java:124] HHH10001001: Connection properties: {password=****, user=lucy}
2021-06-05 22:42:39,669 INFO [main] o.h.o.c.pooling [DriverManagerConnectionProviderImpl.java:129] HHH10001003: Autocommit mode: false
2021-06-05 22:42:39,685 INFO [main] o.h.e.j.c.i.DriverManagerConnectionProviderImpl [DriverManagerConnectionProviderImpl.java:274] HHH000115: Hibernate connection pool size: 20 (min=1)
2021-06-05 22:42:40,150 INFO [main] o.h.d.Dialect [Dialect.java:175] HHH000400: Using dialect: org.hibernate.dialect.PostgreSQL10Dialect
2021-06-05 22:42:41,755 INFO [main] o.h.o.c.access [DdlTransactionIsolatorNonJtaImpl.java:48] HHH10001501: Connection obtained from JdbcConnectionAccess [org.hibernate.engine.jdbc.env.internal.JdbcEnvironmentInitiator$ConnectionProviderJdbcConnectionAccess@4207852d] for (non-JTA) DDL execution was not in auto-commit mode; the Connection 'local transaction' will be committed and the Connection will be set into auto-commit mode.
2021-06-05 22:42:41,887 INFO [main] o.h.o.c.access [DdlTransactionIsolatorNonJtaImpl.java:48] HHH10001501: Connection obtained from JdbcConnectionAccess [org.hibernate.engine.jdbc.env.internal.JdbcEnvironmentInitiator$ConnectionProviderJdbcConnectionAccess@6dee8ae6] for (non-JTA) DDL execution was not in auto-commit mode; the Connection 'local transaction' will be committed and the Connection will be set into auto-commit mode.
2021-06-05 22:42:42,074 INFO [main] o.h.t.s.i.SchemaCreatorImpl [AbstractScriptSourceInput.java:33] HHH000476: Executing import script 'file:/D:/NIX-4%20(copy%20for%20develop)/unit_13_jpa_hibernate/university-data-access/target/classes/import.sql'
2021-06-05 22:42:42,137 INFO [main] o.h.e.t.j.p.i.JtaPlatformInitiator [JtaPlatformInitiator.java:52] HHH000490: Using JtaPlatform implementation: [org.hibernate.engine.transaction.jta.platform.internal.NoJtaPlatform]
2021-06-05 22:42:42,263 INFO [main] c.a.h.Run [Run.java:23] Creating database and start linking teachers and groups
2021-06-05 22:42:42,556 INFO [main] c.a.h.Run [Run.java:26] Create links between teachers and groups
2021-06-05 22:42:42,571 INFO [main] c.a.h.Run [Run.java:32] Start finding the nearest lesson group for student with id: 2
2021-06-05 22:42:42,634 INFO [main] c.a.h.Run [Run.java:35] The nearest lesson group for student with id: 2 is
NearLesson{id=2,
teacher=Misha Misha,
topic=OOP,
date=2021-06-15,
time=15:00,
group=nix-4,
course=java}
2021-06-05 22:42:42,634 INFO [main] c.a.h.Run [Run.java:41] Start finding the best group of teacher with id: 2
2021-06-05 22:42:42,649 INFO [main] c.a.h.Run [Run.java:44] The best group of teacher with id: 2 is nix-4
2021-06-05 22:42:42,649 INFO [main] o.h.o.c.pooling [DriverManagerConnectionProviderImpl.java:502] HHH10001008: Cleaning up connection pool [jdbc:postgresql://localhost:5432/programingDB]
2021-06-05 22:57:19,717 INFO [main] o.h.Version [Version.java:44] HHH000412: Hibernate ORM core version 5.5.0.Final
2021-06-05 22:57:20,358 INFO [main] o.h.a.c.Version [JavaReflectionManager.java:56] HCANN000001: Hibernate Commons Annotations {5.1.2.Final}
2021-06-05 22:57:20,806 WARN [main] o.h.o.c.pooling [DriverManagerConnectionProviderImpl.java:72] HHH10001002: Using Hibernate built-in connection pool (not for production use!)
2021-06-05 22:57:20,822 INFO [main] o.h.o.c.pooling [DriverManagerConnectionProviderImpl.java:115] HHH10001005: using driver [org.postgresql.Driver] at URL [jdbc:postgresql://localhost:5432/programingDB]
2021-06-05 22:57:20,822 INFO [main] o.h.o.c.pooling [DriverManagerConnectionProviderImpl.java:124] HHH10001001: Connection properties: {password=****, user=lucy}
2021-06-05 22:57:20,822 INFO [main] o.h.o.c.pooling [DriverManagerConnectionProviderImpl.java:129] HHH10001003: Autocommit mode: false
2021-06-05 22:57:20,822 INFO [main] o.h.e.j.c.i.DriverManagerConnectionProviderImpl [DriverManagerConnectionProviderImpl.java:274] HHH000115: Hibernate connection pool size: 20 (min=1)
2021-06-05 22:57:21,134 INFO [main] o.h.d.Dialect [Dialect.java:175] HHH000400: Using dialect: org.hibernate.dialect.PostgreSQL10Dialect
2021-06-05 22:57:22,213 INFO [main] o.h.o.c.access [DdlTransactionIsolatorNonJtaImpl.java:48] HHH10001501: Connection obtained from JdbcConnectionAccess [org.hibernate.engine.jdbc.env.internal.JdbcEnvironmentInitiator$ConnectionProviderJdbcConnectionAccess@3a401749] for (non-JTA) DDL execution was not in auto-commit mode; the Connection 'local transaction' will be committed and the Connection will be set into auto-commit mode.
2021-06-05 22:57:22,291 INFO [main] o.h.o.c.access [DdlTransactionIsolatorNonJtaImpl.java:48] HHH10001501: Connection obtained from JdbcConnectionAccess [org.hibernate.engine.jdbc.env.internal.JdbcEnvironmentInitiator$ConnectionProviderJdbcConnectionAccess@214beff9] for (non-JTA) DDL execution was not in auto-commit mode; the Connection 'local transaction' will be committed and the Connection will be set into auto-commit mode.
2021-06-05 22:57:22,400 INFO [main] o.h.t.s.i.SchemaCreatorImpl [AbstractScriptSourceInput.java:33] HHH000476: Executing import script 'file:/D:/NIX-4%20(copy%20for%20develop)/unit_13_jpa_hibernate/university-data-access/target/classes/import.sql'
2021-06-05 22:57:22,432 INFO [main] o.h.e.t.j.p.i.JtaPlatformInitiator [JtaPlatformInitiator.java:52] HHH000490: Using JtaPlatform implementation: [org.hibernate.engine.transaction.jta.platform.internal.NoJtaPlatform]
2021-06-05 22:57:22,525 INFO [main] c.a.h.Run [Run.java:23] Creating database and start linking teachers and groups
2021-06-05 22:57:22,728 INFO [main] c.a.h.Run [Run.java:26] Create links between teachers and groups
2021-06-05 22:57:22,728 INFO [main] c.a.h.Run [Run.java:32] Start finding the nearest lesson group for student with id: 2
2021-06-05 22:57:22,791 INFO [main] c.a.h.Run [Run.java:35] The nearest lesson group for student with id: 2 is
NearLesson{id=2,
teacher=Misha Misha,
topic=OOP,
date=2021-06-15,
time=15:00,
group=nix-4,
course=java}
2021-06-05 22:57:22,791 INFO [main] c.a.h.Run [Run.java:41] Start finding the best group of teacher with id: 2
2021-06-05 22:57:22,791 INFO [main] c.a.h.Run [Run.java:44] The best group of teacher with id: 2 is nix-4
2021-06-05 22:57:22,791 INFO [main] o.h.o.c.pooling [DriverManagerConnectionProviderImpl.java:502] HHH10001008: Cleaning up connection pool [jdbc:postgresql://localhost:5432/programingDB]
2021-06-05 23:40:27,608 INFO [main] o.h.Version [Version.java:44] HHH000412: Hibernate ORM core version 5.5.0.Final
2021-06-05 23:40:28,209 INFO [main] o.h.a.c.Version [JavaReflectionManager.java:56] HCANN000001: Hibernate Commons Annotations {5.1.2.Final}
2021-06-05 23:40:28,617 WARN [main] o.h.o.c.pooling [DriverManagerConnectionProviderImpl.java:72] HHH10001002: Using Hibernate built-in connection pool (not for production use!)
2021-06-05 23:40:28,617 INFO [main] o.h.o.c.pooling [DriverManagerConnectionProviderImpl.java:115] HHH10001005: using driver [org.postgresql.Driver] at URL [jdbc:postgresql://localhost:5432/programingDB]
2021-06-05 23:40:28,617 INFO [main] o.h.o.c.pooling [DriverManagerConnectionProviderImpl.java:124] HHH10001001: Connection properties: {password=****, user=lucy}
2021-06-05 23:40:28,617 INFO [main] o.h.o.c.pooling [DriverManagerConnectionProviderImpl.java:129] HHH10001003: Autocommit mode: false
2021-06-05 23:40:28,633 INFO [main] o.h.e.j.c.i.DriverManagerConnectionProviderImpl [DriverManagerConnectionProviderImpl.java:274] HHH000115: Hibernate connection pool size: 20 (min=1)
2021-06-05 23:40:28,890 INFO [main] o.h.d.Dialect [Dialect.java:175] HHH000400: Using dialect: org.hibernate.dialect.PostgreSQL10Dialect
2021-06-05 23:40:29,844 INFO [main] o.h.o.c.access [DdlTransactionIsolatorNonJtaImpl.java:48] HHH10001501: Connection obtained from JdbcConnectionAccess [org.hibernate.engine.jdbc.env.internal.JdbcEnvironmentInitiator$ConnectionProviderJdbcConnectionAccess@4dad0eed] for (non-JTA) DDL execution was not in auto-commit mode; the Connection 'local transaction' will be committed and the Connection will be set into auto-commit mode.
2021-06-05 23:40:29,912 INFO [main] o.h.o.c.access [DdlTransactionIsolatorNonJtaImpl.java:48] HHH10001501: Connection obtained from JdbcConnectionAccess [org.hibernate.engine.jdbc.env.internal.JdbcEnvironmentInitiator$ConnectionProviderJdbcConnectionAccess@9dada78] for (non-JTA) DDL execution was not in auto-commit mode; the Connection 'local transaction' will be committed and the Connection will be set into auto-commit mode.
2021-06-05 23:40:30,006 INFO [main] o.h.t.s.i.SchemaCreatorImpl [AbstractScriptSourceInput.java:33] HHH000476: Executing import script 'file:/D:/NIX-4%20(copy%20for%20develop)/unit_13_jpa_hibernate/university-data-access/target/classes/import.sql'
2021-06-05 23:40:30,037 INFO [main] o.h.e.t.j.p.i.JtaPlatformInitiator [JtaPlatformInitiator.java:52] HHH000490: Using JtaPlatform implementation: [org.hibernate.engine.transaction.jta.platform.internal.NoJtaPlatform]
2021-06-05 23:40:30,115 INFO [main] c.a.h.Run [Run.java:23] Creating database and start linking teachers and groups
2021-06-05 23:40:30,293 INFO [main] c.a.h.Run [Run.java:26] Create links between teachers and groups
2021-06-05 23:40:30,293 INFO [main] c.a.h.Run [Run.java:32] Start finding the nearest lesson group for student with id: 2
2021-06-05 23:40:30,335 INFO [main] c.a.h.Run [Run.java:35] The nearest lesson group for student with id: 2 is
NearLesson{id=2,
teacher=Misha Misha,
topic=OOP,
date=2021-06-15,
time=15:00,
group=nix-4,
course=java}
2021-06-05 23:40:30,336 INFO [main] c.a.h.Run [Run.java:41] Start finding the best group of teacher with id: 2
2021-06-05 23:40:30,348 INFO [main] c.a.h.Run [Run.java:44] The best group of teacher with id: 2 is nix-4
2021-06-05 23:40:30,350 INFO [main] o.h.o.c.pooling [DriverManagerConnectionProviderImpl.java:502] HHH10001008: Cleaning up connection pool [jdbc:postgresql://localhost:5432/programingDB]
2021-06-06 01:30:09,472 INFO [main] o.h.Version [Version.java:44] HHH000412: Hibernate ORM core version 5.5.0.Final
2021-06-06 01:30:10,194 INFO [main] o.h.a.c.Version [JavaReflectionManager.java:56] HCANN000001: Hibernate Commons Annotations {5.1.2.Final}
2021-06-06 01:30:10,642 WARN [main] o.h.o.c.pooling [DriverManagerConnectionProviderImpl.java:72] HHH10001002: Using Hibernate built-in connection pool (not for production use!)
2021-06-06 01:30:10,642 INFO [main] o.h.o.c.pooling [DriverManagerConnectionProviderImpl.java:115] HHH10001005: using driver [org.postgresql.Driver] at URL [jdbc:postgresql://localhost:5432/programingDB]
2021-06-06 01:30:10,658 INFO [main] o.h.o.c.pooling [DriverManagerConnectionProviderImpl.java:124] HHH10001001: Connection properties: {password=****, user=lucy}
2021-06-06 01:30:10,658 INFO [main] o.h.o.c.pooling [DriverManagerConnectionProviderImpl.java:129] HHH10001003: Autocommit mode: false
2021-06-06 01:30:10,658 INFO [main] o.h.e.j.c.i.DriverManagerConnectionProviderImpl [DriverManagerConnectionProviderImpl.java:274] HHH000115: Hibernate connection pool size: 20 (min=1)
2021-06-06 01:30:10,924 INFO [main] o.h.d.Dialect [Dialect.java:175] HHH000400: Using dialect: org.hibernate.dialect.PostgreSQL10Dialect
2021-06-06 01:30:12,300 INFO [main] o.h.o.c.access [DdlTransactionIsolatorNonJtaImpl.java:48] HHH10001501: Connection obtained from JdbcConnectionAccess [org.hibernate.engine.jdbc.env.internal.JdbcEnvironmentInitiator$ConnectionProviderJdbcConnectionAccess@76e90da5] for (non-JTA) DDL execution was not in auto-commit mode; the Connection 'local transaction' will be committed and the Connection will be set into auto-commit mode.
2021-06-06 01:30:12,362 INFO [main] o.h.o.c.access [DdlTransactionIsolatorNonJtaImpl.java:48] HHH10001501: Connection obtained from JdbcConnectionAccess [org.hibernate.engine.jdbc.env.internal.JdbcEnvironmentInitiator$ConnectionProviderJdbcConnectionAccess@e829999] for (non-JTA) DDL execution was not in auto-commit mode; the Connection 'local transaction' will be committed and the Connection will be set into auto-commit mode.
2021-06-06 01:30:12,456 INFO [main] o.h.t.s.i.SchemaCreatorImpl [AbstractScriptSourceInput.java:33] HHH000476: Executing import script 'file:/D:/NIX-4%20(copy%20for%20develop)/unit_13_jpa_hibernate/university-data-access/target/classes/import.sql'
2021-06-06 01:30:12,503 INFO [main] o.h.e.t.j.p.i.JtaPlatformInitiator [JtaPlatformInitiator.java:52] HHH000490: Using JtaPlatform implementation: [org.hibernate.engine.transaction.jta.platform.internal.NoJtaPlatform]
2021-06-06 01:30:12,581 INFO [main] c.a.h.Run [Run.java:25] Creating database and start linking teachers and groups
2021-06-06 01:30:12,771 INFO [main] c.a.h.Run [Run.java:28] Create links between teachers and groups
2021-06-06 01:30:12,771 INFO [main] c.a.h.Run [Run.java:34] Start finding the nearest lesson group for student with id: 2
2021-06-06 01:30:12,818 INFO [main] c.a.h.Run [Run.java:37] The nearest lesson group for student with id: 2 is
NearLesson{id=2,
teacher=Misha Misha,
topic=OOP,
date=2021-06-15,
time=15:00,
group=nix-4,
course=java}
2021-06-06 01:30:12,818 INFO [main] c.a.h.Run [Run.java:43] Start finding the best group of teacher with id: 2
2021-06-06 01:30:12,834 INFO [main] c.a.h.Run [Run.java:46] The best group of teacher with id: 2 is nix-4
2021-06-06 01:30:12,834 INFO [main] o.h.o.c.pooling [DriverManagerConnectionProviderImpl.java:502] HHH10001008: Cleaning up connection pool [jdbc:postgresql://localhost:5432/programingDB]
2021-06-06 01:33:25,967 INFO [main] o.h.Version [Version.java:44] HHH000412: Hibernate ORM core version [WORKING]
2021-06-06 01:33:26,375 INFO [main] o.h.a.c.Version [JavaReflectionManager.java:56] HCANN000001: Hibernate Commons Annotations {5.1.2.Final}
2021-06-06 01:33:26,704 WARN [main] o.h.o.c.pooling [DriverManagerConnectionProviderImpl.java:72] HHH10001002: Using Hibernate built-in connection pool (not for production use!)
2021-06-06 01:33:26,704 INFO [main] o.h.o.c.pooling [DriverManagerConnectionProviderImpl.java:115] HHH10001005: using driver [org.postgresql.Driver] at URL [jdbc:postgresql://localhost:5432/programingDB]
2021-06-06 01:33:26,704 INFO [main] o.h.o.c.pooling [DriverManagerConnectionProviderImpl.java:124] HHH10001001: Connection properties: {password=****, user=lucy}
2021-06-06 01:33:26,704 INFO [main] o.h.o.c.pooling [DriverManagerConnectionProviderImpl.java:129] HHH10001003: Autocommit mode: false
2021-06-06 01:33:26,704 INFO [main] o.h.e.j.c.i.DriverManagerConnectionProviderImpl [DriverManagerConnectionProviderImpl.java:274] HHH000115: Hibernate connection pool size: 20 (min=1)
2021-06-06 01:33:26,940 INFO [main] o.h.d.Dialect [Dialect.java:175] HHH000400: Using dialect: org.hibernate.dialect.PostgreSQL10Dialect
2021-06-06 01:33:27,755 INFO [main] o.h.o.c.access [DdlTransactionIsolatorNonJtaImpl.java:48] HHH10001501: Connection obtained from JdbcConnectionAccess [org.hibernate.engine.jdbc.env.internal.JdbcEnvironmentInitiator$ConnectionProviderJdbcConnectionAccess@343fddd9] for (non-JTA) DDL execution was not in auto-commit mode; the Connection 'local transaction' will be committed and the Connection will be set into auto-commit mode.
2021-06-06 01:33:27,818 INFO [main] o.h.o.c.access [DdlTransactionIsolatorNonJtaImpl.java:48] HHH10001501: Connection obtained from JdbcConnectionAccess [org.hibernate.engine.jdbc.env.internal.JdbcEnvironmentInitiator$ConnectionProviderJdbcConnectionAccess@5b39a3e6] for (non-JTA) DDL execution was not in auto-commit mode; the Connection 'local transaction' will be committed and the Connection will be set into auto-commit mode.
2021-06-06 01:33:27,912 INFO [main] o.h.t.s.i.SchemaCreatorImpl [AbstractScriptSourceInput.java:33] HHH000476: Executing import script 'jar:file:/D:/NIX-4%20(copy%20for%20develop)/unit_13_jpa_hibernate/university-data-access/target/university-data-access-1.0-SNAPSHOT.jar!/import.sql'
2021-06-06 01:33:27,943 INFO [main] o.h.e.t.j.p.i.JtaPlatformInitiator [JtaPlatformInitiator.java:52] HHH000490: Using JtaPlatform implementation: [org.hibernate.engine.transaction.jta.platform.internal.NoJtaPlatform]
2021-06-06 01:33:28,005 INFO [main] c.a.h.Run [Run.java:25] Creating database and start linking teachers and groups
2021-06-06 01:33:28,162 INFO [main] c.a.h.Run [Run.java:28] Create links between teachers and groups
2021-06-06 01:33:28,162 INFO [main] c.a.h.Run [Run.java:34] Start finding the nearest lesson group for student with id: 2
2021-06-06 01:33:28,193 INFO [main] c.a.h.Run [Run.java:37] The nearest lesson group for student with id: 2 is
NearLesson{id=2,
teacher=Misha Misha,
topic=OOP,
date=2021-06-15,
time=15:00,
group=nix-4,
course=java}
2021-06-06 01:33:28,193 INFO [main] c.a.h.Run [Run.java:43] Start finding the best group of teacher with id: 2
2021-06-06 01:33:28,209 INFO [main] c.a.h.Run [Run.java:46] The best group of teacher with id: 2 is nix-4
2021-06-06 01:33:28,209 INFO [main] o.h.o.c.pooling [DriverManagerConnectionProviderImpl.java:502] HHH10001008: Cleaning up connection pool [jdbc:postgresql://localhost:5432/programingDB]
2021-06-06 01:34:15,257 INFO [main] o.h.Version [Version.java:44] HHH000412: Hibernate ORM core version [WORKING]
2021-06-06 01:34:15,697 INFO [main] o.h.a.c.Version [JavaReflectionManager.java:56] HCANN000001: Hibernate Commons Annotations {5.1.2.Final}
2021-06-06 01:34:16,042 WARN [main] o.h.o.c.pooling [DriverManagerConnectionProviderImpl.java:72] HHH10001002: Using Hibernate built-in connection pool (not for production use!)
2021-06-06 01:34:16,042 INFO [main] o.h.o.c.pooling [DriverManagerConnectionProviderImpl.java:115] HHH10001005: using driver [org.postgresql.Driver] at URL [jdbc:postgresql://localhost:5432/programingDB]
2021-06-06 01:34:16,042 INFO [main] o.h.o.c.pooling [DriverManagerConnectionProviderImpl.java:124] HHH10001001: Connection properties: {password=****, user=lucy}
2021-06-06 01:34:16,042 INFO [main] o.h.o.c.pooling [DriverManagerConnectionProviderImpl.java:129] HHH10001003: Autocommit mode: false
2021-06-06 01:34:16,057 INFO [main] o.h.e.j.c.i.DriverManagerConnectionProviderImpl [DriverManagerConnectionProviderImpl.java:274] HHH000115: Hibernate connection pool size: 20 (min=1)
2021-06-06 01:34:16,408 INFO [main] o.h.d.Dialect [Dialect.java:175] HHH000400: Using dialect: org.hibernate.dialect.PostgreSQL10Dialect
2021-06-06 01:34:17,257 INFO [main] o.h.o.c.access [DdlTransactionIsolatorNonJtaImpl.java:48] HHH10001501: Connection obtained from JdbcConnectionAccess [org.hibernate.engine.jdbc.env.internal.JdbcEnvironmentInitiator$ConnectionProviderJdbcConnectionAccess@1d0cac30] for (non-JTA) DDL execution was not in auto-commit mode; the Connection 'local transaction' will be committed and the Connection will be set into auto-commit mode.
2021-06-06 01:34:17,337 INFO [main] o.h.o.c.access [DdlTransactionIsolatorNonJtaImpl.java:48] HHH10001501: Connection obtained from JdbcConnectionAccess [org.hibernate.engine.jdbc.env.internal.JdbcEnvironmentInitiator$ConnectionProviderJdbcConnectionAccess@164642a4] for (non-JTA) DDL execution was not in auto-commit mode; the Connection 'local transaction' will be committed and the Connection will be set into auto-commit mode.
2021-06-06 01:34:17,431 INFO [main] o.h.t.s.i.SchemaCreatorImpl [AbstractScriptSourceInput.java:33] HHH000476: Executing import script 'jar:file:/D:/NIX-4%20(copy%20for%20develop)/unit_13_jpa_hibernate/university-data-access/target/university-data-access-1.0-SNAPSHOT.jar!/import.sql'
2021-06-06 01:34:17,462 INFO [main] o.h.e.t.j.p.i.JtaPlatformInitiator [JtaPlatformInitiator.java:52] HHH000490: Using JtaPlatform implementation: [org.hibernate.engine.transaction.jta.platform.internal.NoJtaPlatform]
2021-06-06 01:34:17,509 INFO [main] c.a.h.Run [Run.java:25] Creating database and start linking teachers and groups
2021-06-06 01:34:17,665 INFO [main] c.a.h.Run [Run.java:28] Create links between teachers and groups
2021-06-06 01:34:17,665 INFO [main] c.a.h.Run [Run.java:34] Start finding the nearest lesson group for student with id: 2
2021-06-06 01:34:17,712 INFO [main] c.a.h.Run [Run.java:37] The nearest lesson group for student with id: 2 is
NearLesson{id=2,
teacher=Misha Misha,
topic=OOP,
date=2021-06-15,
time=15:00,
group=nix-4,
course=java}
2021-06-06 01:34:17,712 INFO [main] c.a.h.Run [Run.java:43] Start finding the best group of teacher with id: 2
2021-06-06 01:34:17,712 INFO [main] c.a.h.Run [Run.java:46] The best group of teacher with id: 2 is nix-4
2021-06-06 01:34:17,712 INFO [main] o.h.o.c.pooling [DriverManagerConnectionProviderImpl.java:502] HHH10001008: Cleaning up connection pool [jdbc:postgresql://localhost:5432/programingDB]
2021-06-06 01:38:20,458 INFO [main] o.h.Version [Version.java:44] HHH000412: Hibernate ORM core version [WORKING]
2021-06-06 01:38:20,866 INFO [main] o.h.a.c.Version [JavaReflectionManager.java:56] HCANN000001: Hibernate Commons Annotations {5.1.2.Final}
2021-06-06 01:38:21,178 WARN [main] o.h.o.c.pooling [DriverManagerConnectionProviderImpl.java:72] HHH10001002: Using Hibernate built-in connection pool (not for production use!)
2021-06-06 01:38:21,194 INFO [main] o.h.o.c.pooling [DriverManagerConnectionProviderImpl.java:115] HHH10001005: using driver [org.postgresql.Driver] at URL [jdbc:postgresql://localhost:5432/programingDB]
2021-06-06 01:38:21,194 INFO [main] o.h.o.c.pooling [DriverManagerConnectionProviderImpl.java:124] HHH10001001: Connection properties: {password=****, user=lucy}
2021-06-06 01:38:21,194 INFO [main] o.h.o.c.pooling [DriverManagerConnectionProviderImpl.java:129] HHH10001003: Autocommit mode: false
2021-06-06 01:38:21,194 INFO [main] o.h.e.j.c.i.DriverManagerConnectionProviderImpl [DriverManagerConnectionProviderImpl.java:274] HHH000115: Hibernate connection pool size: 20 (min=1)
2021-06-06 01:38:21,406 INFO [main] o.h.d.Dialect [Dialect.java:175] HHH000400: Using dialect: org.hibernate.dialect.PostgreSQL10Dialect
2021-06-06 01:38:22,250 INFO [main] o.h.o.c.access [DdlTransactionIsolatorNonJtaImpl.java:48] HHH10001501: Connection obtained from JdbcConnectionAccess [org.hibernate.engine.jdbc.env.internal.JdbcEnvironmentInitiator$ConnectionProviderJdbcConnectionAccess@20d33ea] for (non-JTA) DDL execution was not in auto-commit mode; the Connection 'local transaction' will be committed and the Connection will be set into auto-commit mode.
2021-06-06 01:38:22,309 INFO [main] o.h.o.c.access [DdlTransactionIsolatorNonJtaImpl.java:48] HHH10001501: Connection obtained from JdbcConnectionAccess [org.hibernate.engine.jdbc.env.internal.JdbcEnvironmentInitiator$ConnectionProviderJdbcConnectionAccess@6707a4bf] for (non-JTA) DDL execution was not in auto-commit mode; the Connection 'local transaction' will be committed and the Connection will be set into auto-commit mode.
2021-06-06 01:38:22,403 INFO [main] o.h.t.s.i.SchemaCreatorImpl [AbstractScriptSourceInput.java:33] HHH000476: Executing import script 'jar:file:/D:/NIX-4/unit_13_jpa_hibernate/university-data-access/target/university-data-access-1.0-SNAPSHOT.jar!/import.sql'
2021-06-06 01:38:22,450 INFO [main] o.h.e.t.j.p.i.JtaPlatformInitiator [JtaPlatformInitiator.java:52] HHH000490: Using JtaPlatform implementation: [org.hibernate.engine.transaction.jta.platform.internal.NoJtaPlatform]
2021-06-06 01:38:22,512 INFO [main] c.a.h.Run [Run.java:25] Creating database and start linking teachers and groups
2021-06-06 01:38:22,675 INFO [main] c.a.h.Run [Run.java:28] Create links between teachers and groups
2021-06-06 01:38:22,675 INFO [main] c.a.h.Run [Run.java:34] Start finding the nearest lesson group for student with id: 2
2021-06-06 01:38:22,706 INFO [main] c.a.h.Run [Run.java:37] The nearest lesson group for student with id: 2 is
NearLesson{id=2,
teacher=Misha Misha,
topic=OOP,
date=2021-06-15,
time=15:00,
group=nix-4,
course=java}
2021-06-06 01:38:22,706 INFO [main] c.a.h.Run [Run.java:43] Start finding the best group of teacher with id: 2
2021-06-06 01:38:22,722 INFO [main] c.a.h.Run [Run.java:46] The best group of teacher with id: 2 is nix-4
2021-06-06 01:38:22,722 INFO [main] o.h.o.c.pooling [DriverManagerConnectionProviderImpl.java:502] HHH10001008: Cleaning up connection pool [jdbc:postgresql://localhost:5432/programingDB]
2021-06-06 01:39:19,809 INFO [main] o.h.Version [Version.java:44] HHH000412: Hibernate ORM core version [WORKING]
2021-06-06 01:39:20,217 INFO [main] o.h.a.c.Version [JavaReflectionManager.java:56] HCANN000001: Hibernate Commons Annotations {5.1.2.Final}
2021-06-06 01:39:20,530 WARN [main] o.h.o.c.pooling [DriverManagerConnectionProviderImpl.java:72] HHH10001002: Using Hibernate built-in connection pool (not for production use!)
2021-06-06 01:39:20,546 INFO [main] o.h.o.c.pooling [DriverManagerConnectionProviderImpl.java:115] HHH10001005: using driver [org.postgresql.Driver] at URL [jdbc:postgresql://localhost:5432/programingDB]
2021-06-06 01:39:20,546 INFO [main] o.h.o.c.pooling [DriverManagerConnectionProviderImpl.java:124] HHH10001001: Connection properties: {password=****, user=lucy}
2021-06-06 01:39:20,546 INFO [main] o.h.o.c.pooling [DriverManagerConnectionProviderImpl.java:129] HHH10001003: Autocommit mode: false
2021-06-06 01:39:20,546 INFO [main] o.h.e.j.c.i.DriverManagerConnectionProviderImpl [DriverManagerConnectionProviderImpl.java:274] HHH000115: Hibernate connection pool size: 20 (min=1)
2021-06-06 01:39:20,775 INFO [main] o.h.d.Dialect [Dialect.java:175] HHH000400: Using dialect: org.hibernate.dialect.PostgreSQL10Dialect
2021-06-06 01:39:21,766 INFO [main] o.h.o.c.access [DdlTransactionIsolatorNonJtaImpl.java:48] HHH10001501: Connection obtained from JdbcConnectionAccess [org.hibernate.engine.jdbc.env.internal.JdbcEnvironmentInitiator$ConnectionProviderJdbcConnectionAccess@343fddd9] for (non-JTA) DDL execution was not in auto-commit mode; the Connection 'local transaction' will be committed and the Connection will be set into auto-commit mode.
2021-06-06 01:39:21,821 INFO [main] o.h.o.c.access [DdlTransactionIsolatorNonJtaImpl.java:48] HHH10001501: Connection obtained from JdbcConnectionAccess [org.hibernate.engine.jdbc.env.internal.JdbcEnvironmentInitiator$ConnectionProviderJdbcConnectionAccess@5b39a3e6] for (non-JTA) DDL execution was not in auto-commit mode; the Connection 'local transaction' will be committed and the Connection will be set into auto-commit mode.
2021-06-06 01:39:21,930 INFO [main] o.h.t.s.i.SchemaCreatorImpl [AbstractScriptSourceInput.java:33] HHH000476: Executing import script 'jar:file:/D:/NIX-4/unit_13_jpa_hibernate/university-data-access/target/university-data-access-1.0-SNAPSHOT.jar!/import.sql'
2021-06-06 01:39:21,961 INFO [main] o.h.e.t.j.p.i.JtaPlatformInitiator [JtaPlatformInitiator.java:52] HHH000490: Using JtaPlatform implementation: [org.hibernate.engine.transaction.jta.platform.internal.NoJtaPlatform]
2021-06-06 01:39:22,039 INFO [main] c.a.h.Run [Run.java:25] Creating database and start linking teachers and groups
2021-06-06 01:39:22,196 INFO [main] c.a.h.Run [Run.java:28] Create links between teachers and groups
2021-06-06 01:39:22,196 INFO [main] c.a.h.Run [Run.java:34] Start finding the nearest lesson group for student with id: 2
2021-06-06 01:39:22,227 INFO [main] c.a.h.Run [Run.java:37] The nearest lesson group for student with id: 2 is
NearLesson{id=2,
teacher=Misha Misha,
topic=OOP,
date=2021-06-15,
time=15:00,
group=nix-4,
course=java}
2021-06-06 01:39:22,227 INFO [main] c.a.h.Run [Run.java:43] Start finding the best group of teacher with id: 2
2021-06-06 01:39:22,243 INFO [main] c.a.h.Run [Run.java:46] The best group of teacher with id: 2 is nix-4
2021-06-06 01:39:22,243 INFO [main] o.h.o.c.pooling [DriverManagerConnectionProviderImpl.java:502] HHH10001008: Cleaning up connection pool [jdbc:postgresql://localhost:5432/programingDB]
2021-06-06 01:45:35,376 INFO [main] o.h.Version [Version.java:44] HHH000412: Hibernate ORM core version [WORKING]
2021-06-06 01:45:35,814 INFO [main] o.h.a.c.Version [JavaReflectionManager.java:56] HCANN000001: Hibernate Commons Annotations {5.1.2.Final}
2021-06-06 01:45:36,176 WARN [main] o.h.o.c.pooling [DriverManagerConnectionProviderImpl.java:72] HHH10001002: Using Hibernate built-in connection pool (not for production use!)
2021-06-06 01:45:36,183 INFO [main] o.h.o.c.pooling [DriverManagerConnectionProviderImpl.java:115] HHH10001005: using driver [org.postgresql.Driver] at URL [jdbc:postgresql://localhost:5432/programingDB]
2021-06-06 01:45:36,184 INFO [main] o.h.o.c.pooling [DriverManagerConnectionProviderImpl.java:124] HHH10001001: Connection properties: {password=****, user=lucy}
2021-06-06 01:45:36,184 INFO [main] o.h.o.c.pooling [DriverManagerConnectionProviderImpl.java:129] HHH10001003: Autocommit mode: false
2021-06-06 01:45:36,187 INFO [main] o.h.e.j.c.i.DriverManagerConnectionProviderImpl [DriverManagerConnectionProviderImpl.java:274] HHH000115: Hibernate connection pool size: 20 (min=1)
2021-06-06 01:45:36,447 INFO [main] o.h.d.Dialect [Dialect.java:175] HHH000400: Using dialect: org.hibernate.dialect.PostgreSQL10Dialect
2021-06-06 01:45:37,324 INFO [main] o.h.o.c.access [DdlTransactionIsolatorNonJtaImpl.java:48] HHH10001501: Connection obtained from JdbcConnectionAccess [org.hibernate.engine.jdbc.env.internal.JdbcEnvironmentInitiator$ConnectionProviderJdbcConnectionAccess@1d0cac30] for (non-JTA) DDL execution was not in auto-commit mode; the Connection 'local transaction' will be committed and the Connection will be set into auto-commit mode.
2021-06-06 01:45:37,381 INFO [main] o.h.o.c.access [DdlTransactionIsolatorNonJtaImpl.java:48] HHH10001501: Connection obtained from JdbcConnectionAccess [org.hibernate.engine.jdbc.env.internal.JdbcEnvironmentInitiator$ConnectionProviderJdbcConnectionAccess@164642a4] for (non-JTA) DDL execution was not in auto-commit mode; the Connection 'local transaction' will be committed and the Connection will be set into auto-commit mode.
2021-06-06 01:45:37,482 INFO [main] o.h.t.s.i.SchemaCreatorImpl [AbstractScriptSourceInput.java:33] HHH000476: Executing import script 'jar:file:/D:/NIX-4/unit_13_jpa_hibernate/university-data-access/target/university-data-access-1.0-SNAPSHOT.jar!/import.sql'
2021-06-06 01:45:37,512 INFO [main] o.h.e.t.j.p.i.JtaPlatformInitiator [JtaPlatformInitiator.java:52] HHH000490: Using JtaPlatform implementation: [org.hibernate.engine.transaction.jta.platform.internal.NoJtaPlatform]
2021-06-06 01:45:37,573 INFO [main] c.a.h.Run [Run.java:25] Creating database and start linking teachers and groups
2021-06-06 01:45:37,734 INFO [main] c.a.h.Run [Run.java:28] Create links between teachers and groups
2021-06-06 01:45:37,735 INFO [main] c.a.h.Run [Run.java:34] Start finding the nearest lesson group for student with id: 2
2021-06-06 01:45:37,783 INFO [main] c.a.h.Run [Run.java:37] The nearest lesson group for student with id: 2 is
NearLesson{id=2,
teacher=Misha Misha,
topic=OOP,
date=2021-06-15,
time=15:00,
group=nix-4,
course=java}
2021-06-06 01:45:37,783 INFO [main] c.a.h.Run [Run.java:43] Start finding the best group of teacher with id: 2
2021-06-06 01:45:37,792 INFO [main] c.a.h.Run [Run.java:46] The best group of teacher with id: 2 is nix-4
2021-06-06 01:45:37,797 INFO [main] o.h.o.c.pooling [DriverManagerConnectionProviderImpl.java:502] HHH10001008: Cleaning up connection pool [jdbc:postgresql://localhost:5432/programingDB]
2021-06-06 01:45:41,115 INFO [main] o.h.Version [Version.java:44] HHH000412: Hibernate ORM core version [WORKING]
2021-06-06 01:45:41,624 INFO [main] o.h.a.c.Version [JavaReflectionManager.java:56] HCANN000001: Hibernate Commons Annotations {5.1.2.Final}
2021-06-06 01:45:42,014 WARN [main] o.h.o.c.pooling [DriverManagerConnectionProviderImpl.java:72] HHH10001002: Using Hibernate built-in connection pool (not for production use!)
2021-06-06 01:45:42,023 INFO [main] o.h.o.c.pooling [DriverManagerConnectionProviderImpl.java:115] HHH10001005: using driver [org.postgresql.Driver] at URL [jdbc:postgresql://localhost:5432/programingDB]
2021-06-06 01:45:42,023 INFO [main] o.h.o.c.pooling [DriverManagerConnectionProviderImpl.java:124] HHH10001001: Connection properties: {password=****, user=lucy}
2021-06-06 01:45:42,024 INFO [main] o.h.o.c.pooling [DriverManagerConnectionProviderImpl.java:129] HHH10001003: Autocommit mode: false
2021-06-06 01:45:42,027 INFO [main] o.h.e.j.c.i.DriverManagerConnectionProviderImpl [DriverManagerConnectionProviderImpl.java:274] HHH000115: Hibernate connection pool size: 20 (min=1)
2021-06-06 01:45:42,306 INFO [main] o.h.d.Dialect [Dialect.java:175] HHH000400: Using dialect: org.hibernate.dialect.PostgreSQL10Dialect
2021-06-06 01:45:43,261 INFO [main] o.h.o.c.access [DdlTransactionIsolatorNonJtaImpl.java:48] HHH10001501: Connection obtained from JdbcConnectionAccess [org.hibernate.engine.jdbc.env.internal.JdbcEnvironmentInitiator$ConnectionProviderJdbcConnectionAccess@1a464fa3] for (non-JTA) DDL execution was not in auto-commit mode; the Connection 'local transaction' will be committed and the Connection will be set into auto-commit mode.
2021-06-06 01:45:43,319 INFO [main] o.h.o.c.access [DdlTransactionIsolatorNonJtaImpl.java:48] HHH10001501: Connection obtained from JdbcConnectionAccess [org.hibernate.engine.jdbc.env.internal.JdbcEnvironmentInitiator$ConnectionProviderJdbcConnectionAccess@7c0f28f8] for (non-JTA) DDL execution was not in auto-commit mode; the Connection 'local transaction' will be committed and the Connection will be set into auto-commit mode.
2021-06-06 01:45:43,427 INFO [main] o.h.t.s.i.SchemaCreatorImpl [AbstractScriptSourceInput.java:33] HHH000476: Executing import script 'jar:file:/D:/NIX-4/unit_13_jpa_hibernate/university-data-access/target/university-data-access-1.0-SNAPSHOT.jar!/import.sql'
2021-06-06 01:45:43,460 INFO [main] o.h.e.t.j.p.i.JtaPlatformInitiator [JtaPlatformInitiator.java:52] HHH000490: Using JtaPlatform implementation: [org.hibernate.engine.transaction.jta.platform.internal.NoJtaPlatform]
2021-06-06 01:45:43,537 INFO [main] c.a.h.Run [Run.java:25] Creating database and start linking teachers and groups
2021-06-06 01:45:43,737 INFO [main] c.a.h.Run [Run.java:28] Create links between teachers and groups
2021-06-06 01:45:43,738 INFO [main] c.a.h.Run [Run.java:34] Start finding the nearest lesson group for student with id: 2
2021-06-06 01:45:43,793 INFO [main] c.a.h.Run [Run.java:37] The nearest lesson group for student with id: 2 is
NearLesson{id=2,
teacher=Misha Misha,
topic=OOP,
date=2021-06-15,
time=15:00,
group=nix-4,
course=java}
2021-06-06 01:45:43,794 INFO [main] c.a.h.Run [Run.java:43] Start finding the best group of teacher with id: 2
2021-06-06 01:45:43,804 INFO [main] c.a.h.Run [Run.java:46] The best group of teacher with id: 2 is nix-4
2021-06-06 01:45:43,808 INFO [main] o.h.o.c.pooling [DriverManagerConnectionProviderImpl.java:502] HHH10001008: Cleaning up connection pool [jdbc:postgresql://localhost:5432/programingDB]
